Deduplication run: 20251020_172638
Data dir: data
Files found: 8

Processing: data\df_global_pagados.parquet
 - Original rows: 202495
 - Deduplicated rows: 202281
 - Rows removed: 214

Processing: data\df_empresas.parquet
 - Original rows: 99698
 - Deduplicated rows: 99652
 - Rows removed: 46

Processing: data\df_postulantes_cbamecapacita.parquet
 - Original rows: 56982
 - Deduplicated rows: 56483
 - Rows removed: 499

Processing: data\df_alumnos.parquet
 - Original rows: 41487
 - Deduplicated rows: 41487
 - Rows removed: 0

Processing: data\df_cursos.parquet
 - Original rows: 2042
 - Deduplicated rows: 2042
 - Rows removed: 0

Processing: data\df_postulantes_empleo.parquet
 - Original rows: 7351960
 - Deduplicated rows: 180582
 - Rows removed: 7171378

Processing: data\df_global_banco.parquet
 - Original rows: 576492
 - Deduplicated rows: 575785
 - Rows removed: 707

Processing: data\df_inscriptos_empleo.parquet
 - Original rows: 96237
 - Deduplicated rows: 96232
 - Rows removed: 5

=== SUMMARY ===
Files processed: 8
Total original rows: 8427393
Total rows after dedup: 1254544
Total rows removed: 7172849
